<?xml version="1.0" encoding="UTF-8"?>
<!-- Generated by org.testng.reporters.JUnitReportReporter -->
<testsuite hostname="LAPTOP-KG9N1ETV" failures="0" tests="2" name="TC.Login" time="1.025" errors="0" timestamp="2024-01-02T18:44:51 GMT-06:00" skipped="0">
  <testcase classname="TC.Login" name="enterDetails" time="0.806"/>
  <system-out/>
  <testcase classname="TC.Login" name="clickSubmit" time="0.219"/>
  <system-out/>
</testsuite> <!-- TC.Login -->
